<?xml version="1.0" encoding="UTF-8"?>
<testng-results skipped="0" failed="0" ignored="0" total="1" passed="1">
  <reporter-output>
  </reporter-output>
  <suite name="Suite" duration-ms="381092" started-at="2018-04-21T06:53:48Z" finished-at="2018-04-21T07:00:09Z">
    <groups>
    </groups>
    <test name="Test" duration-ms="381092" started-at="2018-04-21T06:53:48Z" finished-at="2018-04-21T07:00:09Z">
      <class name="testcases.TC003_CreateLead">
        <test-method status="PASS" signature="beforeSuite()[pri:0, instance:testcases.TC003_CreateLead@9b1010]" name="beforeSuite" is-config="true" duration-ms="2565" started-at="2018-04-21T12:23:45Z" finished-at="2018-04-21T12:23:48Z">
          <reporter-output>
          </reporter-output>
        </test-method> <!-- beforeSuite -->
        <test-method status="PASS" signature="setData()[pri:0, instance:testcases.TC003_CreateLead@9b1010]" name="setData" is-config="true" duration-ms="0" started-at="2018-04-21T12:23:48Z" finished-at="2018-04-21T12:23:48Z">
          <reporter-output>
          </reporter-output>
        </test-method> <!-- setData -->
        <test-method status="PASS" signature="beforeClass()[pri:0, instance:testcases.TC003_CreateLead@9b1010]" name="beforeClass" is-config="true" duration-ms="3" started-at="2018-04-21T12:23:48Z" finished-at="2018-04-21T12:23:48Z">
          <reporter-output>
          </reporter-output>
        </test-method> <!-- beforeClass -->
        <test-method status="PASS" signature="beforeMethod()[pri:0, instance:testcases.TC003_CreateLead@9b1010]" name="beforeMethod" is-config="true" duration-ms="114541" started-at="2018-04-21T12:23:50Z" finished-at="2018-04-21T12:25:44Z">
          <reporter-output>
          </reporter-output>
        </test-method> <!-- beforeMethod -->
        <test-method status="PASS" signature="createLead(java.lang.String, java.lang.String, java.lang.String, java.lang.String, java.lang.String, java.lang.String)[pri:0, instance:testcases.TC003_CreateLead@9b1010]" name="createLead" duration-ms="264109" started-at="2018-04-21T12:25:44Z" data-provider="fetchData" finished-at="2018-04-21T12:30:08Z">
          <params>
            <param index="0">
              <value>
                <![CDATA[DemoSalesManager]]>
              </value>
            </param>
            <param index="1">
              <value>
                <![CDATA[crmsfa]]>
              </value>
            </param>
            <param index="2">
              <value>
                <![CDATA[FSS]]>
              </value>
            </param>
            <param index="3">
              <value>
                <![CDATA[Sathya]]>
              </value>
            </param>
            <param index="4">
              <value>
                <![CDATA[V]]>
              </value>
            </param>
            <param index="5">
              <value>
                <![CDATA[Sathya]]>
              </value>
            </param>
          </params>
          <reporter-output>
          </reporter-output>
        </test-method> <!-- createLead -->
        <test-method status="PASS" signature="afterMethod()[pri:0, instance:testcases.TC003_CreateLead@9b1010]" name="afterMethod" is-config="true" duration-ms="776" started-at="2018-04-21T12:30:08Z" finished-at="2018-04-21T12:30:09Z">
          <reporter-output>
          </reporter-output>
        </test-method> <!-- afterMethod -->
        <test-method status="PASS" signature="afterTest()[pri:0, instance:testcases.TC003_CreateLead@9b1010]" name="afterTest" is-config="true" duration-ms="0" started-at="2018-04-21T12:30:09Z" finished-at="2018-04-21T12:30:09Z">
          <reporter-output>
          </reporter-output>
        </test-method> <!-- afterTest -->
        <test-method status="PASS" signature="afterSuite()[pri:0, instance:testcases.TC003_CreateLead@9b1010]" name="afterSuite" is-config="true" duration-ms="1557" started-at="2018-04-21T12:30:09Z" finished-at="2018-04-21T12:30:11Z">
          <reporter-output>
          </reporter-output>
        </test-method> <!-- afterSuite -->
      </class> <!-- testcases.TC003_CreateLead -->
    </test> <!-- Test -->
  </suite> <!-- Suite -->
</testng-results>
